{"uuid":"82d02063-ae0d-463d-b701-fa0cc76ffd31","historyId":"b1313f39b9bf06cba55be922e8751430","testCaseId":"e554fb5654406baae3d7f05dc8d85b3c","fullName":"src/test/resources/features/spotify.feature:10","labels":[{"name":"tag","value":"Login"},{"name":"host","value":"DESKTOP-PSH6SKT"},{"name":"thread","value":"139004@DESKTOP-PSH6SKT.Test worker(1)"},{"name":"feature","value":"Funcionalidad principal de Spotify Web"},{"name":"story","value":"Login con credenciales inválidas"},{"name":"suite","value":"Funcionalidad principal de Spotify Web"},{"name":"testClass","value":"Login con credenciales inválidas"},{"name":"framework","value":"cucumber4jvm"},{"name":"language","value":"java"},{"name":"gherkin_uri","value":"file:///C:/Automatizaciones_Web/automatizacion_Spotify_Web/src/test/resources/features/spotify.feature"},{"name":"package","value":"src.test.resources.features.spotify_feature.Funcionalidad principal de Spotify Web"}],"links":[],"name":"Login con credenciales inválidas","status":"broken","statusDetails":{"known":false,"muted":false,"flaky":false,"message":"Expected condition failed: waiting for visibility of element located by By.xpath: //input[@id='username'] (tried for 10 second(s) with 500 milliseconds interval)\nBuild info: version: '4.38.0', revision: '6b412e825c*'\nSystem info: os.name: 'Windows 11', os.arch: 'amd64', os.version: '10.0', java.version: '21.0.7'\nDriver info: org.openqa.selenium.chrome.ChromeDriver\nCapabilities {acceptInsecureCerts: false, browserName: chrome, browserVersion: 142.0.7444.135, chrome: {chromedriverVersion: 142.0.7444.162 (c076baf266c..., userDataDir: C:\\Users\\JONATA~1\\AppData\\L...}, fedcm:accounts: true, goog:chromeOptions: {debuggerAddress: localhost:56223}, goog:processID: 99068, networkConnectionEnabled: false, pageLoadStrategy: normal, platformName: windows, proxy: Proxy(), se:cdp: ws://localhost:56223/devtoo..., se:cdpVersion: 142.0.7444.135, setWindowRect: true, strictFileInteractability: false, timeouts: {implicit: 0, pageLoad: 300000, script: 30000}, unhandledPromptBehavior: dismiss and notify, webauthn:extension:credBlob: true, webauthn:extension:largeBlob: true, webauthn:extension:minPinLength: true, webauthn:extension:prf: true, webauthn:virtualAuthenticators: true}\nSession ID: 908f4992a5bd5b64a46bdc41b7fea134","trace":"org.openqa.selenium.TimeoutException: Expected condition failed: waiting for visibility of element located by By.xpath: //input[@id='username'] (tried for 10 second(s) with 500 milliseconds interval)\nBuild info: version: '4.38.0', revision: '6b412e825c*'\nSystem info: os.name: 'Windows 11', os.arch: 'amd64', os.version: '10.0', java.version: '21.0.7'\nDriver info: org.openqa.selenium.chrome.ChromeDriver\nCapabilities {acceptInsecureCerts: false, browserName: chrome, browserVersion: 142.0.7444.135, chrome: {chromedriverVersion: 142.0.7444.162 (c076baf266c..., userDataDir: C:\\Users\\JONATA~1\\AppData\\L...}, fedcm:accounts: true, goog:chromeOptions: {debuggerAddress: localhost:56223}, goog:processID: 99068, networkConnectionEnabled: false, pageLoadStrategy: normal, platformName: windows, proxy: Proxy(), se:cdp: ws://localhost:56223/devtoo..., se:cdpVersion: 142.0.7444.135, setWindowRect: true, strictFileInteractability: false, timeouts: {implicit: 0, pageLoad: 300000, script: 30000}, unhandledPromptBehavior: dismiss and notify, webauthn:extension:credBlob: true, webauthn:extension:largeBlob: true, webauthn:extension:minPinLength: true, webauthn:extension:prf: true, webauthn:virtualAuthenticators: true}\nSession ID: 908f4992a5bd5b64a46bdc41b7fea134\r\n\tat org.openqa.selenium.support.ui.WebDriverWait.timeoutException(WebDriverWait.java:84)\r\n\tat org.openqa.selenium.support.ui.FluentWait.until(FluentWait.java:228)\r\n\tat pages.PaginaBase.find(PaginaBase.java:29)\r\n\tat pages.PaginaBase.click(PaginaBase.java:38)\r\n\tat pages.PaginaLogin.ingresarCorreo(PaginaLogin.java:22)\r\n\tat steps.NavegacionSteps.ingresarCredsInvalidas(NavegacionSteps.java:41)\r\n\tat ✽.ingreso un correo ficticio \"correo@noexiste.com\" y contraseña \"clave_invalida\"(file:///C:/Automatizaciones_Web/automatizacion_Spotify_Web/src/test/resources/features/spotify.feature:12)\r\n"},"stage":"finished","steps":[{"name":"Given que estoy en la página de login","status":"passed","statusDetails":{"known":false,"muted":false,"flaky":false},"stage":"finished","steps":[],"attachments":[],"parameters":[],"start":1763324360121,"stop":1763324362110},{"name":"When ingreso un correo ficticio \"correo@noexiste.com\" y contraseña \"clave_invalida\"","status":"broken","statusDetails":{"known":false,"muted":false,"flaky":false,"message":"Expected condition failed: waiting for visibility of element located by By.xpath: //input[@id='username'] (tried for 10 second(s) with 500 milliseconds interval)\nBuild info: version: '4.38.0', revision: '6b412e825c*'\nSystem info: os.name: 'Windows 11', os.arch: 'amd64', os.version: '10.0', java.version: '21.0.7'\nDriver info: org.openqa.selenium.chrome.ChromeDriver\nCapabilities {acceptInsecureCerts: false, browserName: chrome, browserVersion: 142.0.7444.135, chrome: {chromedriverVersion: 142.0.7444.162 (c076baf266c..., userDataDir: C:\\Users\\JONATA~1\\AppData\\L...}, fedcm:accounts: true, goog:chromeOptions: {debuggerAddress: localhost:56223}, goog:processID: 99068, networkConnectionEnabled: false, pageLoadStrategy: normal, platformName: windows, proxy: Proxy(), se:cdp: ws://localhost:56223/devtoo..., se:cdpVersion: 142.0.7444.135, setWindowRect: true, strictFileInteractability: false, timeouts: {implicit: 0, pageLoad: 300000, script: 30000}, unhandledPromptBehavior: dismiss and notify, webauthn:extension:credBlob: true, webauthn:extension:largeBlob: true, webauthn:extension:minPinLength: true, webauthn:extension:prf: true, webauthn:virtualAuthenticators: true}\nSession ID: 908f4992a5bd5b64a46bdc41b7fea134","trace":"org.openqa.selenium.TimeoutException: Expected condition failed: waiting for visibility of element located by By.xpath: //input[@id='username'] (tried for 10 second(s) with 500 milliseconds interval)\nBuild info: version: '4.38.0', revision: '6b412e825c*'\nSystem info: os.name: 'Windows 11', os.arch: 'amd64', os.version: '10.0', java.version: '21.0.7'\nDriver info: org.openqa.selenium.chrome.ChromeDriver\nCapabilities {acceptInsecureCerts: false, browserName: chrome, browserVersion: 142.0.7444.135, chrome: {chromedriverVersion: 142.0.7444.162 (c076baf266c..., userDataDir: C:\\Users\\JONATA~1\\AppData\\L...}, fedcm:accounts: true, goog:chromeOptions: {debuggerAddress: localhost:56223}, goog:processID: 99068, networkConnectionEnabled: false, pageLoadStrategy: normal, platformName: windows, proxy: Proxy(), se:cdp: ws://localhost:56223/devtoo..., se:cdpVersion: 142.0.7444.135, setWindowRect: true, strictFileInteractability: false, timeouts: {implicit: 0, pageLoad: 300000, script: 30000}, unhandledPromptBehavior: dismiss and notify, webauthn:extension:credBlob: true, webauthn:extension:largeBlob: true, webauthn:extension:minPinLength: true, webauthn:extension:prf: true, webauthn:virtualAuthenticators: true}\nSession ID: 908f4992a5bd5b64a46bdc41b7fea134\r\n\tat org.openqa.selenium.support.ui.WebDriverWait.timeoutException(WebDriverWait.java:84)\r\n\tat org.openqa.selenium.support.ui.FluentWait.until(FluentWait.java:228)\r\n\tat pages.PaginaBase.find(PaginaBase.java:29)\r\n\tat pages.PaginaBase.click(PaginaBase.java:38)\r\n\tat pages.PaginaLogin.ingresarCorreo(PaginaLogin.java:22)\r\n\tat steps.NavegacionSteps.ingresarCredsInvalidas(NavegacionSteps.java:41)\r\n\tat ✽.ingreso un correo ficticio \"correo@noexiste.com\" y contraseña \"clave_invalida\"(file:///C:/Automatizaciones_Web/automatizacion_Spotify_Web/src/test/resources/features/spotify.feature:12)\r\n"},"stage":"finished","steps":[],"attachments":[],"parameters":[],"start":1763324362122,"stop":1763324372167},{"name":"Then debería mostrarse un mensaje de error en el login","status":"skipped","statusDetails":{"known":false,"muted":false,"flaky":false},"stage":"finished","steps":[],"attachments":[],"parameters":[],"start":1763324372171,"stop":1763324372174}],"attachments":[],"parameters":[],"start":1763324358525,"stop":1763324374404}