{"uuid":"f4c0baa0-3c78-4a2e-8d17-f3904769d275","historyId":"b1313f39b9bf06cba55be922e8751430","testCaseId":"e554fb5654406baae3d7f05dc8d85b3c","fullName":"src/test/resources/features/spotify.feature:10","labels":[{"name":"tag","value":"Login"},{"name":"host","value":"DESKTOP-PSH6SKT"},{"name":"thread","value":"147984@DESKTOP-PSH6SKT.Test worker(1)"},{"name":"feature","value":"Funcionalidad principal de Spotify Web"},{"name":"story","value":"Login con credenciales inválidas"},{"name":"suite","value":"Funcionalidad principal de Spotify Web"},{"name":"testClass","value":"Login con credenciales inválidas"},{"name":"framework","value":"cucumber4jvm"},{"name":"language","value":"java"},{"name":"gherkin_uri","value":"file:///C:/Automatizaciones_Web/automatizacion_Spotify_Web/src/test/resources/features/spotify.feature"},{"name":"package","value":"src.test.resources.features.spotify_feature.Funcionalidad principal de Spotify Web"}],"links":[],"name":"Login con credenciales inválidas","status":"broken","statusDetails":{"known":false,"muted":false,"flaky":false,"message":"Expected condition failed: waiting for visibility of element located by By.xpath: //button[contains(text(),'Iniciar sesión con contraseña')] (tried for 20 second(s) with 500 milliseconds interval)\nBuild info: version: '4.38.0', revision: '6b412e825c*'\nSystem info: os.name: 'Windows 11', os.arch: 'amd64', os.version: '10.0', java.version: '21.0.7'\nDriver info: org.openqa.selenium.chrome.ChromeDriver\nCapabilities {acceptInsecureCerts: false, browserName: chrome, browserVersion: 142.0.7444.135, chrome: {chromedriverVersion: 142.0.7444.162 (c076baf266c..., userDataDir: C:\\Users\\JONATA~1\\AppData\\L...}, fedcm:accounts: true, goog:chromeOptions: {debuggerAddress: localhost:62212}, goog:processID: 142208, networkConnectionEnabled: false, pageLoadStrategy: normal, platformName: windows, proxy: Proxy(), se:cdp: ws://localhost:62212/devtoo..., se:cdpVersion: 142.0.7444.135, setWindowRect: true, strictFileInteractability: false, timeouts: {implicit: 0, pageLoad: 300000, script: 30000}, unhandledPromptBehavior: dismiss and notify, webauthn:extension:credBlob: true, webauthn:extension:largeBlob: true, webauthn:extension:minPinLength: true, webauthn:extension:prf: true, webauthn:virtualAuthenticators: true}\nSession ID: 03e2f013a230bb12abddb650f1f8208e","trace":"org.openqa.selenium.TimeoutException: Expected condition failed: waiting for visibility of element located by By.xpath: //button[contains(text(),'Iniciar sesión con contraseña')] (tried for 20 second(s) with 500 milliseconds interval)\nBuild info: version: '4.38.0', revision: '6b412e825c*'\nSystem info: os.name: 'Windows 11', os.arch: 'amd64', os.version: '10.0', java.version: '21.0.7'\nDriver info: org.openqa.selenium.chrome.ChromeDriver\nCapabilities {acceptInsecureCerts: false, browserName: chrome, browserVersion: 142.0.7444.135, chrome: {chromedriverVersion: 142.0.7444.162 (c076baf266c..., userDataDir: C:\\Users\\JONATA~1\\AppData\\L...}, fedcm:accounts: true, goog:chromeOptions: {debuggerAddress: localhost:62212}, goog:processID: 142208, networkConnectionEnabled: false, pageLoadStrategy: normal, platformName: windows, proxy: Proxy(), se:cdp: ws://localhost:62212/devtoo..., se:cdpVersion: 142.0.7444.135, setWindowRect: true, strictFileInteractability: false, timeouts: {implicit: 0, pageLoad: 300000, script: 30000}, unhandledPromptBehavior: dismiss and notify, webauthn:extension:credBlob: true, webauthn:extension:largeBlob: true, webauthn:extension:minPinLength: true, webauthn:extension:prf: true, webauthn:virtualAuthenticators: true}\nSession ID: 03e2f013a230bb12abddb650f1f8208e\r\n\tat org.openqa.selenium.support.ui.WebDriverWait.timeoutException(WebDriverWait.java:84)\r\n\tat org.openqa.selenium.support.ui.FluentWait.until(FluentWait.java:228)\r\n\tat pages.PaginaBase.find(PaginaBase.java:29)\r\n\tat pages.PaginaBase.click(PaginaBase.java:38)\r\n\tat pages.PaginaLogin.ingresarSoloContrasena(PaginaLogin.java:39)\r\n\tat steps.NavegacionSteps.ingresarCredsInvalidas(NavegacionSteps.java:43)\r\n\tat ✽.ingreso un correo ficticio \"correoprueba@yopmail.com\" y contraseña \"clave_invalida1\"(file:///C:/Automatizaciones_Web/automatizacion_Spotify_Web/src/test/resources/features/spotify.feature:12)\r\n"},"stage":"finished","steps":[{"name":"Given que estoy en la página de login","status":"passed","statusDetails":{"known":false,"muted":false,"flaky":false},"stage":"finished","steps":[],"attachments":[],"parameters":[],"start":1763327388744,"stop":1763327389492},{"name":"When ingreso un correo ficticio \"correoprueba@yopmail.com\" y contraseña \"clave_invalida1\"","status":"broken","statusDetails":{"known":false,"muted":false,"flaky":false,"message":"Expected condition failed: waiting for visibility of element located by By.xpath: //button[contains(text(),'Iniciar sesión con contraseña')] (tried for 20 second(s) with 500 milliseconds interval)\nBuild info: version: '4.38.0', revision: '6b412e825c*'\nSystem info: os.name: 'Windows 11', os.arch: 'amd64', os.version: '10.0', java.version: '21.0.7'\nDriver info: org.openqa.selenium.chrome.ChromeDriver\nCapabilities {acceptInsecureCerts: false, browserName: chrome, browserVersion: 142.0.7444.135, chrome: {chromedriverVersion: 142.0.7444.162 (c076baf266c..., userDataDir: C:\\Users\\JONATA~1\\AppData\\L...}, fedcm:accounts: true, goog:chromeOptions: {debuggerAddress: localhost:62212}, goog:processID: 142208, networkConnectionEnabled: false, pageLoadStrategy: normal, platformName: windows, proxy: Proxy(), se:cdp: ws://localhost:62212/devtoo..., se:cdpVersion: 142.0.7444.135, setWindowRect: true, strictFileInteractability: false, timeouts: {implicit: 0, pageLoad: 300000, script: 30000}, unhandledPromptBehavior: dismiss and notify, webauthn:extension:credBlob: true, webauthn:extension:largeBlob: true, webauthn:extension:minPinLength: true, webauthn:extension:prf: true, webauthn:virtualAuthenticators: true}\nSession ID: 03e2f013a230bb12abddb650f1f8208e","trace":"org.openqa.selenium.TimeoutException: Expected condition failed: waiting for visibility of element located by By.xpath: //button[contains(text(),'Iniciar sesión con contraseña')] (tried for 20 second(s) with 500 milliseconds interval)\nBuild info: version: '4.38.0', revision: '6b412e825c*'\nSystem info: os.name: 'Windows 11', os.arch: 'amd64', os.version: '10.0', java.version: '21.0.7'\nDriver info: org.openqa.selenium.chrome.ChromeDriver\nCapabilities {acceptInsecureCerts: false, browserName: chrome, browserVersion: 142.0.7444.135, chrome: {chromedriverVersion: 142.0.7444.162 (c076baf266c..., userDataDir: C:\\Users\\JONATA~1\\AppData\\L...}, fedcm:accounts: true, goog:chromeOptions: {debuggerAddress: localhost:62212}, goog:processID: 142208, networkConnectionEnabled: false, pageLoadStrategy: normal, platformName: windows, proxy: Proxy(), se:cdp: ws://localhost:62212/devtoo..., se:cdpVersion: 142.0.7444.135, setWindowRect: true, strictFileInteractability: false, timeouts: {implicit: 0, pageLoad: 300000, script: 30000}, unhandledPromptBehavior: dismiss and notify, webauthn:extension:credBlob: true, webauthn:extension:largeBlob: true, webauthn:extension:minPinLength: true, webauthn:extension:prf: true, webauthn:virtualAuthenticators: true}\nSession ID: 03e2f013a230bb12abddb650f1f8208e\r\n\tat org.openqa.selenium.support.ui.WebDriverWait.timeoutException(WebDriverWait.java:84)\r\n\tat org.openqa.selenium.support.ui.FluentWait.until(FluentWait.java:228)\r\n\tat pages.PaginaBase.find(PaginaBase.java:29)\r\n\tat pages.PaginaBase.click(PaginaBase.java:38)\r\n\tat pages.PaginaLogin.ingresarSoloContrasena(PaginaLogin.java:39)\r\n\tat steps.NavegacionSteps.ingresarCredsInvalidas(NavegacionSteps.java:43)\r\n\tat ✽.ingreso un correo ficticio \"correoprueba@yopmail.com\" y contraseña \"clave_invalida1\"(file:///C:/Automatizaciones_Web/automatizacion_Spotify_Web/src/test/resources/features/spotify.feature:12)\r\n"},"stage":"finished","steps":[],"attachments":[],"parameters":[],"start":1763327389497,"stop":1763327410243},{"name":"Then debería mostrarse un mensaje de error en el login","status":"skipped","statusDetails":{"known":false,"muted":false,"flaky":false},"stage":"finished","steps":[],"attachments":[],"parameters":[],"start":1763327410246,"stop":1763327410250}],"attachments":[],"parameters":[],"start":1763327386235,"stop":1763327410990}